Starting data seed process with NEW SCHEMA...

Processing directory: AKTA KANUN KESEKSAAN
  Found: 5 cases, 14 people, 6 allegations.
  > Inserted/Updated cases for AKTA KANUN KESEKSAAN
  > Inserted people for AKTA KANUN KESEKSAAN
  > Inserted allegations for AKTA KANUN KESEKSAAN

Processing directory: AKTA PENCULIKAN 1961
  Found: 4 cases, 26 people, 10 allegations.
  > Inserted/Updated cases for AKTA PENCULIKAN 1961
  > Inserted people for AKTA PENCULIKAN 1961
  > Inserted allegations for AKTA PENCULIKAN 1961

Processing directory: Lain-lain
  Found: 4 cases, 16 people, 5 allegations.
  > Inserted/Updated cases for Lain-lain
  > Inserted people for Lain-lain
  > Inserted allegations for Lain-lain

Processing directory: Seksyen 39B
  Found: 5 cases, 16 people, 8 allegations.
  > Inserted/Updated cases for Seksyen 39B
  > Inserted people for Seksyen 39B
  > Inserted allegations for Seksyen 39B

Processing directory: TPR Chan Lee Lee
  Found: 2 cases, 7 people, 6 allegations.
  > Inserted/Updated cases for TPR Chan Lee Lee
  > Inserted people for TPR Chan Lee Lee
  > Inserted allegations for TPR Chan Lee Lee

All data processed successfully.
